# JRE version: OpenJDK Runtime Environment (11.0.11+9) (build 11.0.11+9-b60-7590822)
# Java VM: OpenJDK 64-Bit Server VM (11.0.11+9-b60-7590822, mixed mode, tiered, compressed oops, g1 gc, windows-amd64)
Heap:
 garbage-first heap   total 391168K, used 71062K [0x00000006c2600000, 0x0000000800000000)
  region size 1024K, 39 young (39936K), 10 survivors (10240K)
 Metaspace       used 59953K, capacity 60784K, committed 60880K, reserved 1103872K
  class space    used 6884K, capacity 7201K, committed 7296K, reserved 1048576K
GC Heap History (14 events):
Event: 1.256 GC heap before
{Heap before GC invocations=0 (full 0):
 garbage-first heap   total 325632K, used 27648K [0x00000006c2600000, 0x0000000800000000)
  region size 1024K, 24 young (24576K), 0 survivors (0K)
 Metaspace       used 12359K, capacity 12504K, committed 12800K, reserved 1060864K
  class space    used 1165K, capacity 1207K, committed 1280K, reserved 1048576K
}
Event: 1.262 GC heap after
{Heap after GC invocations=1 (full 0):
 garbage-first heap   total 325632K, used 5798K [0x00000006c2600000, 0x0000000800000000)
  region size 1024K, 3 young (3072K), 3 survivors (3072K)
 Metaspace       used 12359K, capacity 12504K, committed 12800K, reserved 1060864K
  class space    used 1165K, capacity 1207K, committed 1280K, reserved 1048576K
}
Event: 2.629 GC heap before
{Heap before GC invocations=1 (full 0):
 garbage-first heap   total 325632K, used 41638K [0x00000006c2600000, 0x0000000800000000)
  region size 1024K, 39 young (39936K), 3 survivors (3072K)
 Metaspace       used 20863K, capacity 21086K, committed 21296K, reserved 1069056K
  class space    used 2220K, capacity 2312K, committed 2432K, reserved 1048576K
}
Event: 2.658 GC heap after
{Heap after GC invocations=2 (full 0):
 garbage-first heap   total 325632K, used 9408K [0x00000006c2600000, 0x0000000800000000)
  region size 1024K, 7 young (7168K), 7 survivors (7168K)
 Metaspace       used 20863K, capacity 21086K, committed 21296K, reserved 1069056K
  class space    used 2220K, capacity 2312K, committed 2432K, reserved 1048576K
}
Event: 5.260 GC heap before
{Heap before GC invocations=3 (full 0):
 garbage-first heap   total 325632K, used 64704K [0x00000006c2600000, 0x0000000800000000)
  region size 1024K, 56 young (57344K), 7 survivors (7168K)
 Metaspace       used 32372K, capacity 32866K, committed 33200K, reserved 1079296K
  class space    used 4053K, capacity 4247K, committed 4352K, reserved 1048576K
}
Event: 5.279 GC heap after
{Heap after GC invocations=4 (full 0):
 garbage-first heap   total 325632K, used 20508K [0x00000006c2600000, 0x0000000800000000)
  region size 1024K, 7 young (7168K), 7 survivors (7168K)
 Metaspace       used 32372K, capacity 32866K, committed 33200K, reserved 1079296K
  class space    used 4053K, capacity 4247K, committed 4352K, reserved 1048576K
}
Event: 5.583 GC heap before
{Heap before GC invocations=4 (full 0):
 garbage-first heap   total 325632K, used 28700K [0x00000006c2600000, 0x0000000800000000)
  region size 1024K, 15 young (15360K), 7 survivors (7168K)
 Metaspace       used 34393K, capacity 34882K, committed 35120K, reserved 1079296K
  class space    used 4273K, capacity 4471K, committed 4480K, reserved 1048576K
}
Event: 5.595 GC heap after
{Heap after GC invocations=5 (full 0):
 garbage-first heap   total 325632K, used 22194K [0x00000006c2600000, 0x0000000800000000)
  region size 1024K, 2 young (2048K), 2 survivors (2048K)
 Metaspace       used 34393K, capacity 34882K, committed 35120K, reserved 1079296K
  class space    used 4273K, capacity 4471K, committed 4480K, reserved 1048576K
}
Event: 5.814 GC heap before
{Heap before GC invocations=5 (full 0):
 garbage-first heap   total 325632K, used 27314K [0x00000006c2600000, 0x0000000800000000)
  region size 1024K, 8 young (8192K), 2 survivors (2048K)
 Metaspace       used 35332K, capacity 35757K, committed 35920K, reserved 1081344K
  class space    used 4371K, capacity 4571K, committed 4608K, reserved 1048576K
}
Event: 5.818 GC heap after
{Heap after GC invocations=6 (full 0):
 garbage-first heap   total 325632K, used 20515K [0x00000006c2600000, 0x0000000800000000)
  region size 1024K, 2 young (2048K), 2 survivors (2048K)
 Metaspace       used 35332K, capacity 35757K, committed 35920K, reserved 1081344K
  class space    used 4371K, capacity 4571K, committed 4608K, reserved 1048576K
}
Event: 11.015 GC heap before
{Heap before GC invocations=7 (full 0):
 garbage-first heap   total 325632K, used 103459K [0x00000006c2600000, 0x0000000800000000)
  region size 1024K, 80 young (81920K), 2 survivors (2048K)
 Metaspace       used 49918K, capacity 50514K, committed 50768K, reserved 1093632K
  class space    used 5829K, capacity 6061K, committed 6144K, reserved 1048576K
}
Event: 11.033 GC heap after
{Heap after GC invocations=8 (full 0):
 garbage-first heap   total 325632K, used 33266K [0x00000006c2600000, 0x0000000800000000)
  region size 1024K, 10 young (10240K), 10 survivors (10240K)
 Metaspace       used 49918K, capacity 50514K, committed 50768K, reserved 1093632K
  class space    used 5829K, capacity 6061K, committed 6144K, reserved 1048576K
}
Event: 16.682 GC heap before
{Heap before GC invocations=8 (full 0):
 garbage-first heap   total 325632K, used 111090K [0x00000006c2600000, 0x0000000800000000)
  region size 1024K, 87 young (89088K), 10 survivors (10240K)
 Metaspace       used 59464K, capacity 60233K, committed 60240K, reserved 1101824K
  class space    used 6872K, capacity 7167K, committed 7168K, reserved 1048576K
}
Event: 16.717 GC heap after
{Heap after GC invocations=9 (full 0):
 garbage-first heap   total 391168K, used 42390K [0x00000006c2600000, 0x0000000800000000)
  region size 1024K, 10 young (10240K), 10 survivors (10240K)
 Metaspace       used 59464K, capacity 60233K, committed 60240K, reserved 1101824K
  class space    used 6872K, capacity 7167K, committed 7168K, reserved 1048576K
}

